The system is: Linux - 5.6.7-200.fc31.x86_64 - x86_64
Compiling the C compiler identification source file "CMakeCCompilerId.c" succeeded.
Compiler: /usr/bin/clang-9 
Build flags: 
Id flags:  

The output was:
0


Compilation of the C compiler identification source "CMakeCCompilerId.c" produced "a.out"

The C compiler identification is Clang, found in "/home/jules/Documents/OpenCV/test/build/CMakeFiles/3.17.1/CompilerIdC/a.out"

Compiling the CXX compiler identification source file "CMakeCXXCompilerId.cpp" succeeded.
Compiler: /usr/bin/clang++-9 
Build flags: 
Id flags:  

The output was:
0


Compilation of the CXX compiler identification source "CMakeCXXCompilerId.cpp" produced "a.out"

The CXX compiler identification is Clang, found in "/home/jules/Documents/OpenCV/test/build/CMakeFiles/3.17.1/CompilerIdCXX/a.out"

Determining if the C compiler works passed with the following output:
Change Dir: /home/jules/Documents/OpenCV/test/build/CMakeFiles/CMakeTmp

Run Build Command(s):/usr/bin/gmake cmTC_9761f/fast && /usr/bin/gmake  -f CMakeFiles/cmTC_9761f.dir/build.make CMakeFiles/cmTC_9761f.dir/build
gmake[1]: Entering directory '/home/jules/Documents/OpenCV/test/build/CMakeFiles/CMakeTmp'
Building C object CMakeFiles/cmTC_9761f.dir/testCCompiler.c.o
/usr/bin/clang-9    -o CMakeFiles/cmTC_9761f.dir/testCCompiler.c.o   -c /home/jules/Documents/OpenCV/test/build/CMakeFiles/CMakeTmp/testCCompiler.c
Linking C executable cmTC_9761f
/usr/bin/cmake -E cmake_link_script CMakeFiles/cmTC_9761f.dir/link.txt --verbose=1
/usr/bin/clang-9      -rdynamic CMakeFiles/cmTC_9761f.dir/testCCompiler.c.o  -o cmTC_9761f 
gmake[1]: Leaving directory '/home/jules/Documents/OpenCV/test/build/CMakeFiles/CMakeTmp'



Detecting C compiler ABI info compiled with the following output:
Change Dir: /home/jules/Documents/OpenCV/test/build/CMakeFiles/CMakeTmp

Run Build Command(s):/usr/bin/gmake cmTC_610be/fast && /usr/bin/gmake  -f CMakeFiles/cmTC_610be.dir/build.make CMakeFiles/cmTC_610be.dir/build
gmake[1]: Entering directory '/home/jules/Documents/OpenCV/test/build/CMakeFiles/CMakeTmp'
Building C object CMakeFiles/cmTC_610be.dir/CMakeCCompilerABI.c.o
/usr/bin/clang-9   -v -o CMakeFiles/cmTC_610be.dir/CMakeCCompilerABI.c.o   -c /usr/share/cmake/Modules/CMakeCCompilerABI.c
clang version 9.0.1 (Fedora 9.0.1-2.fc31)
Target: x86_64-unknown-linux-gnu
Thread model: posix
InstalledDir: /usr/bin
Found candidate GCC installation: /usr/bin/../lib/gcc/x86_64-redhat-linux/9
Found candidate GCC installation: /usr/lib/gcc/x86_64-redhat-linux/9
Selected GCC installation: /usr/bin/../lib/gcc/x86_64-redhat-linux/9
Candidate multilib: .;@m64
Candidate multilib: 32;@m32
Selected multilib: .;@m64
 "/usr/bin/clang-9" -cc1 -triple x86_64-unknown-linux-gnu -emit-obj -mrelax-all -disable-free -disable-llvm-verifier -discard-value-names -main-file-name CMakeCCompilerABI.c -mrelocation-model static -mthread-model posix -mdisable-fp-elim -fmath-errno -masm-verbose -mconstructor-aliases -munwind-tables -fuse-init-array -target-cpu x86-64 -dwarf-column-info -debugger-tuning=gdb -v -coverage-notes-file /home/jules/Documents/OpenCV/test/build/CMakeFiles/CMakeTmp/CMakeFiles/cmTC_610be.dir/CMakeCCompilerABI.c.gcno -resource-dir /usr/lib64/clang/9.0.1 -internal-isystem /usr/local/include -internal-isystem /usr/lib64/clang/9.0.1/include -internal-externc-isystem /include -internal-externc-isystem /usr/include -fdebug-compilation-dir /home/jules/Documents/OpenCV/test/build/CMakeFiles/CMakeTmp -ferror-limit 19 -fmessage-length 0 -fobjc-runtime=gcc -fdiagnostics-show-option -faddrsig -o CMakeFiles/cmTC_610be.dir/CMakeCCompilerABI.c.o -x c /usr/share/cmake/Modules/CMakeCCompilerABI.c
clang -cc1 version 9.0.1 based upon LLVM 9.0.1 default target x86_64-unknown-linux-gnu
ignoring nonexistent directory "/include"
#include "..." search starts here:
#include <...> search starts here:
 /usr/local/include
 /usr/lib64/clang/9.0.1/include
 /usr/include
End of search list.
Linking C executable cmTC_610be
/usr/bin/cmake -E cmake_link_script CMakeFiles/cmTC_610be.dir/link.txt --verbose=1
/usr/bin/clang-9     -v -rdynamic CMakeFiles/cmTC_610be.dir/CMakeCCompilerABI.c.o  -o cmTC_610be 
clang version 9.0.1 (Fedora 9.0.1-2.fc31)
Target: x86_64-unknown-linux-gnu
Thread model: posix
InstalledDir: /usr/bin
Found candidate GCC installation: /usr/bin/../lib/gcc/x86_64-redhat-linux/9
Found candidate GCC installation: /usr/lib/gcc/x86_64-redhat-linux/9
Selected GCC installation: /usr/bin/../lib/gcc/x86_64-redhat-linux/9
Candidate multilib: .;@m64
Candidate multilib: 32;@m32
Selected multilib: .;@m64
 "/usr/bin/ld" -export-dynamic --hash-style=gnu --build-id --eh-frame-hdr -m elf_x86_64 -export-dynamic -dynamic-linker /lib64/ld-linux-x86-64.so.2 -o cmTC_610be /usr/bin/../lib/gcc/x86_64-redhat-linux/9/../../../../lib64/crt1.o /usr/bin/../lib/gcc/x86_64-redhat-linux/9/../../../../lib64/crti.o /usr/bin/../lib/gcc/x86_64-redhat-linux/9/crtbegin.o -L/usr/bin/../lib/gcc/x86_64-redhat-linux/9 -L/usr/bin/../lib/gcc/x86_64-redhat-linux/9/../../../../lib64 -L/usr/bin/../lib64 -L/lib/../lib64 -L/usr/lib/../lib64 -L/usr/bin/../lib/gcc/x86_64-redhat-linux/9/../../.. -L/usr/bin/../lib -L/lib -L/usr/lib CMakeFiles/cmTC_610be.dir/CMakeCCompilerABI.c.o -lgcc --as-needed -lgcc_s --no-as-needed -lc -lgcc --as-needed -lgcc_s --no-as-needed /usr/bin/../lib/gcc/x86_64-redhat-linux/9/crtend.o /usr/bin/../lib/gcc/x86_64-redhat-linux/9/../../../../lib64/crtn.o
gmake[1]: Leaving directory '/home/jules/Documents/OpenCV/test/build/CMakeFiles/CMakeTmp'



Parsed C implicit include dir info from above output: rv=done
  found start of include info
  found start of implicit include info
    add: [/usr/local/include]
    add: [/usr/lib64/clang/9.0.1/include]
    add: [/usr/include]
  end of search list found
  collapse include dir [/usr/local/include] ==> [/usr/local/include]
  collapse include dir [/usr/lib64/clang/9.0.1/include] ==> [/usr/lib64/clang/9.0.1/include]
  collapse include dir [/usr/include] ==> [/usr/include]
  implicit include dirs: [/usr/local/include;/usr/lib64/clang/9.0.1/include;/usr/include]


Parsed C implicit link information from above output:
  link line regex: [^( *|.*[/\])(ld|CMAKE_LINK_STARTFILE-NOTFOUND|([^/\]+-)?ld|collect2)[^/\]*( |$)]
  ignore line: [Change Dir: /home/jules/Documents/OpenCV/test/build/CMakeFiles/CMakeTmp]
  ignore line: []
  ignore line: [Run Build Command(s):/usr/bin/gmake cmTC_610be/fast && /usr/bin/gmake  -f CMakeFiles/cmTC_610be.dir/build.make CMakeFiles/cmTC_610be.dir/build]
  ignore line: [gmake[1]: Entering directory '/home/jules/Documents/OpenCV/test/build/CMakeFiles/CMakeTmp']
  ignore line: [Building C object CMakeFiles/cmTC_610be.dir/CMakeCCompilerABI.c.o]
  ignore line: [/usr/bin/clang-9   -v -o CMakeFiles/cmTC_610be.dir/CMakeCCompilerABI.c.o   -c /usr/share/cmake/Modules/CMakeCCompilerABI.c]
  ignore line: [clang version 9.0.1 (Fedora 9.0.1-2.fc31)]
  ignore line: [Target: x86_64-unknown-linux-gnu]
  ignore line: [Thread model: posix]
  ignore line: [InstalledDir: /usr/bin]
  ignore line: [Found candidate GCC installation: /usr/bin/../lib/gcc/x86_64-redhat-linux/9]
  ignore line: [Found candidate GCC installation: /usr/lib/gcc/x86_64-redhat-linux/9]
  ignore line: [Selected GCC installation: /usr/bin/../lib/gcc/x86_64-redhat-linux/9]
  ignore line: [Candidate multilib: .]
  ignore line: [@m64]
  ignore line: [Candidate multilib: 32]
  ignore line: [@m32]
  ignore line: [Selected multilib: .]
  ignore line: [@m64]
  ignore line: [ "/usr/bin/clang-9" -cc1 -triple x86_64-unknown-linux-gnu -emit-obj -mrelax-all -disable-free -disable-llvm-verifier -discard-value-names -main-file-name CMakeCCompilerABI.c -mrelocation-model static -mthread-model posix -mdisable-fp-elim -fmath-errno -masm-verbose -mconstructor-aliases -munwind-tables -fuse-init-array -target-cpu x86-64 -dwarf-column-info -debugger-tuning=gdb -v -coverage-notes-file /home/jules/Documents/OpenCV/test/build/CMakeFiles/CMakeTmp/CMakeFiles/cmTC_610be.dir/CMakeCCompilerABI.c.gcno -resource-dir /usr/lib64/clang/9.0.1 -internal-isystem /usr/local/include -internal-isystem /usr/lib64/clang/9.0.1/include -internal-externc-isystem /include -internal-externc-isystem /usr/include -fdebug-compilation-dir /home/jules/Documents/OpenCV/test/build/CMakeFiles/CMakeTmp -ferror-limit 19 -fmessage-length 0 -fobjc-runtime=gcc -fdiagnostics-show-option -faddrsig -o CMakeFiles/cmTC_610be.dir/CMakeCCompilerABI.c.o -x c /usr/share/cmake/Modules/CMakeCCompilerABI.c]
  ignore line: [clang -cc1 version 9.0.1 based upon LLVM 9.0.1 default target x86_64-unknown-linux-gnu]
  ignore line: [ignoring nonexistent directory "/include"]
  ignore line: [#include "..." search starts here:]
  ignore line: [#include <...> search starts here:]
  ignore line: [ /usr/local/include]
  ignore line: [ /usr/lib64/clang/9.0.1/include]
  ignore line: [ /usr/include]
  ignore line: [End of search list.]
  ignore line: [Linking C executable cmTC_610be]
  ignore line: [/usr/bin/cmake -E cmake_link_script CMakeFiles/cmTC_610be.dir/link.txt --verbose=1]
  ignore line: [/usr/bin/clang-9     -v -rdynamic CMakeFiles/cmTC_610be.dir/CMakeCCompilerABI.c.o  -o cmTC_610be ]
  ignore line: [clang version 9.0.1 (Fedora 9.0.1-2.fc31)]
  ignore line: [Target: x86_64-unknown-linux-gnu]
  ignore line: [Thread model: posix]
  ignore line: [InstalledDir: /usr/bin]
  ignore line: [Found candidate GCC installation: /usr/bin/../lib/gcc/x86_64-redhat-linux/9]
  ignore line: [Found candidate GCC installation: /usr/lib/gcc/x86_64-redhat-linux/9]
  ignore line: [Selected GCC installation: /usr/bin/../lib/gcc/x86_64-redhat-linux/9]
  ignore line: [Candidate multilib: .]
  ignore line: [@m64]
  ignore line: [Candidate multilib: 32]
  ignore line: [@m32]
  ignore line: [Selected multilib: .]
  ignore line: [@m64]
  link line: [ "/usr/bin/ld" -export-dynamic --hash-style=gnu --build-id --eh-frame-hdr -m elf_x86_64 -export-dynamic -dynamic-linker /lib64/ld-linux-x86-64.so.2 -o cmTC_610be /usr/bin/../lib/gcc/x86_64-redhat-linux/9/../../../../lib64/crt1.o /usr/bin/../lib/gcc/x86_64-redhat-linux/9/../../../../lib64/crti.o /usr/bin/../lib/gcc/x86_64-redhat-linux/9/crtbegin.o -L/usr/bin/../lib/gcc/x86_64-redhat-linux/9 -L/usr/bin/../lib/gcc/x86_64-redhat-linux/9/../../../../lib64 -L/usr/bin/../lib64 -L/lib/../lib64 -L/usr/lib/../lib64 -L/usr/bin/../lib/gcc/x86_64-redhat-linux/9/../../.. -L/usr/bin/../lib -L/lib -L/usr/lib CMakeFiles/cmTC_610be.dir/CMakeCCompilerABI.c.o -lgcc --as-needed -lgcc_s --no-as-needed -lc -lgcc --as-needed -lgcc_s --no-as-needed /usr/bin/../lib/gcc/x86_64-redhat-linux/9/crtend.o /usr/bin/../lib/gcc/x86_64-redhat-linux/9/../../../../lib64/crtn.o]
    arg [/usr/bin/ld] ==> ignore
    arg [-export-dynamic] ==> ignore
    arg [--hash-style=gnu] ==> ignore
    arg [--build-id] ==> ignore
    arg [--eh-frame-hdr] ==> ignore
    arg [-m] ==> ignore
    arg [elf_x86_64] ==> ignore
    arg [-export-dynamic] ==> ignore
    arg [-dynamic-linker] ==> ignore
    arg [/lib64/ld-linux-x86-64.so.2] ==> ignore
    arg [-o] ==> ignore
    arg [cmTC_610be] ==> ignore
    arg [/usr/bin/../lib/gcc/x86_64-redhat-linux/9/../../../../lib64/crt1.o] ==> ignore
    arg [/usr/bin/../lib/gcc/x86_64-redhat-linux/9/../../../../lib64/crti.o] ==> ignore
    arg [/usr/bin/../lib/gcc/x86_64-redhat-linux/9/crtbegin.o] ==> ignore
    arg [-L/usr/bin/../lib/gcc/x86_64-redhat-linux/9] ==> dir [/usr/bin/../lib/gcc/x86_64-redhat-linux/9]
    arg [-L/usr/bin/../lib/gcc/x86_64-redhat-linux/9/../../../../lib64] ==> dir [/usr/bin/../lib/gcc/x86_64-redhat-linux/9/../../../../lib64]
    arg [-L/usr/bin/../lib64] ==> dir [/usr/bin/../lib64]
    arg [-L/lib/../lib64] ==> dir [/lib/../lib64]
    arg [-L/usr/lib/../lib64] ==> dir [/usr/lib/../lib64]
    arg [-L/usr/bin/../lib/gcc/x86_64-redhat-linux/9/../../..] ==> dir [/usr/bin/../lib/gcc/x86_64-redhat-linux/9/../../..]
    arg [-L/usr/bin/../lib] ==> dir [/usr/bin/../lib]
    arg [-L/lib] ==> dir [/lib]
    arg [-L/usr/lib] ==> dir [/usr/lib]
    arg [CMakeFiles/cmTC_610be.dir/CMakeCCompilerABI.c.o] ==> ignore
    arg [-lgcc] ==> lib [gcc]
    arg [--as-needed] ==> ignore
    arg [-lgcc_s] ==> lib [gcc_s]
    arg [--no-as-needed] ==> ignore
    arg [-lc] ==> lib [c]
    arg [-lgcc] ==> lib [gcc]
    arg [--as-needed] ==> ignore
    arg [-lgcc_s] ==> lib [gcc_s]
    arg [--no-as-needed] ==> ignore
    arg [/usr/bin/../lib/gcc/x86_64-redhat-linux/9/crtend.o] ==> ignore
    arg [/usr/bin/../lib/gcc/x86_64-redhat-linux/9/../../../../lib64/crtn.o] ==> ignore
  collapse library dir [/usr/bin/../lib/gcc/x86_64-redhat-linux/9] ==> [/usr/lib/gcc/x86_64-redhat-linux/9]
  collapse library dir [/usr/bin/../lib/gcc/x86_64-redhat-linux/9/../../../../lib64] ==> [/usr/lib64]
  collapse library dir [/usr/bin/../lib64] ==> [/usr/lib64]
  collapse library dir [/lib/../lib64] ==> [/lib64]
  collapse library dir [/usr/lib/../lib64] ==> [/usr/lib64]
  collapse library dir [/usr/bin/../lib/gcc/x86_64-redhat-linux/9/../../..] ==> [/usr/lib]
  collapse library dir [/usr/bin/../lib] ==> [/usr/lib]
  collapse library dir [/lib] ==> [/lib]
  collapse library dir [/usr/lib] ==> [/usr/lib]
  implicit libs: [gcc;gcc_s;c;gcc;gcc_s]
  implicit dirs: [/usr/lib/gcc/x86_64-redhat-linux/9;/usr/lib64;/lib64;/usr/lib;/lib]
  implicit fwks: []


Determining if the CXX compiler works passed with the following output:
Change Dir: /home/jules/Documents/OpenCV/test/build/CMakeFiles/CMakeTmp

Run Build Command(s):/usr/bin/gmake cmTC_a59aa/fast && /usr/bin/gmake  -f CMakeFiles/cmTC_a59aa.dir/build.make CMakeFiles/cmTC_a59aa.dir/build
gmake[1]: Entering directory '/home/jules/Documents/OpenCV/test/build/CMakeFiles/CMakeTmp'
Building CXX object CMakeFiles/cmTC_a59aa.dir/testCXXCompiler.cxx.o
/usr/bin/clang++-9     -o CMakeFiles/cmTC_a59aa.dir/testCXXCompiler.cxx.o -c /home/jules/Documents/OpenCV/test/build/CMakeFiles/CMakeTmp/testCXXCompiler.cxx
Linking CXX executable cmTC_a59aa
/usr/bin/cmake -E cmake_link_script CMakeFiles/cmTC_a59aa.dir/link.txt --verbose=1
/usr/bin/clang++-9       -rdynamic CMakeFiles/cmTC_a59aa.dir/testCXXCompiler.cxx.o  -o cmTC_a59aa 
gmake[1]: Leaving directory '/home/jules/Documents/OpenCV/test/build/CMakeFiles/CMakeTmp'



Detecting CXX compiler ABI info compiled with the following output:
Change Dir: /home/jules/Documents/OpenCV/test/build/CMakeFiles/CMakeTmp

Run Build Command(s):/usr/bin/gmake cmTC_c4a7d/fast && /usr/bin/gmake  -f CMakeFiles/cmTC_c4a7d.dir/build.make CMakeFiles/cmTC_c4a7d.dir/build
gmake[1]: Entering directory '/home/jules/Documents/OpenCV/test/build/CMakeFiles/CMakeTmp'
Building CXX object CMakeFiles/cmTC_c4a7d.dir/CMakeCXXCompilerABI.cpp.o
/usr/bin/clang++-9    -v -o CMakeFiles/cmTC_c4a7d.dir/CMakeCXXCompilerABI.cpp.o -c /usr/share/cmake/Modules/CMakeCXXCompilerABI.cpp
clang version 9.0.1 (Fedora 9.0.1-2.fc31)
Target: x86_64-unknown-linux-gnu
Thread model: posix
InstalledDir: /usr/bin
Found candidate GCC installation: /usr/bin/../lib/gcc/x86_64-redhat-linux/9
Found candidate GCC installation: /usr/lib/gcc/x86_64-redhat-linux/9
Selected GCC installation: /usr/bin/../lib/gcc/x86_64-redhat-linux/9
Candidate multilib: .;@m64
Candidate multilib: 32;@m32
Selected multilib: .;@m64
 "/usr/bin/clang-9" -cc1 -triple x86_64-unknown-linux-gnu -emit-obj -mrelax-all -disable-free -disable-llvm-verifier -discard-value-names -main-file-name CMakeCXXCompilerABI.cpp -mrelocation-model static -mthread-model posix -mdisable-fp-elim -fmath-errno -masm-verbose -mconstructor-aliases -munwind-tables -fuse-init-array -target-cpu x86-64 -dwarf-column-info -debugger-tuning=gdb -v -coverage-notes-file /home/jules/Documents/OpenCV/test/build/CMakeFiles/CMakeTmp/CMakeFiles/cmTC_c4a7d.dir/CMakeCXXCompilerABI.cpp.gcno -resource-dir /usr/lib64/clang/9.0.1 -internal-isystem /usr/bin/../lib/gcc/x86_64-redhat-linux/9/../../../../include/c++/9 -internal-isystem /usr/bin/../lib/gcc/x86_64-redhat-linux/9/../../../../include/c++/9/x86_64-redhat-linux -internal-isystem /usr/bin/../lib/gcc/x86_64-redhat-linux/9/../../../../include/c++/9/backward -internal-isystem /usr/local/include -internal-isystem /usr/lib64/clang/9.0.1/include -internal-externc-isystem /include -internal-externc-isystem /usr/include -fdeprecated-macro -fdebug-compilation-dir /home/jules/Documents/OpenCV/test/build/CMakeFiles/CMakeTmp -ferror-limit 19 -fmessage-length 0 -fobjc-runtime=gcc -fcxx-exceptions -fexceptions -fdiagnostics-show-option -faddrsig -o CMakeFiles/cmTC_c4a7d.dir/CMakeCXXCompilerABI.cpp.o -x c++ /usr/share/cmake/Modules/CMakeCXXCompilerABI.cpp
clang -cc1 version 9.0.1 based upon LLVM 9.0.1 default target x86_64-unknown-linux-gnu
ignoring nonexistent directory "/include"
#include "..." search starts here:
#include <...> search starts here:
 /usr/bin/../lib/gcc/x86_64-redhat-linux/9/../../../../include/c++/9
 /usr/bin/../lib/gcc/x86_64-redhat-linux/9/../../../../include/c++/9/x86_64-redhat-linux
 /usr/bin/../lib/gcc/x86_64-redhat-linux/9/../../../../include/c++/9/backward
 /usr/local/include
 /usr/lib64/clang/9.0.1/include
 /usr/include
End of search list.
Linking CXX executable cmTC_c4a7d
/usr/bin/cmake -E cmake_link_script CMakeFiles/cmTC_c4a7d.dir/link.txt --verbose=1
/usr/bin/clang++-9      -v -rdynamic CMakeFiles/cmTC_c4a7d.dir/CMakeCXXCompilerABI.cpp.o  -o cmTC_c4a7d 
clang version 9.0.1 (Fedora 9.0.1-2.fc31)
Target: x86_64-unknown-linux-gnu
Thread model: posix
InstalledDir: /usr/bin
Found candidate GCC installation: /usr/bin/../lib/gcc/x86_64-redhat-linux/9
Found candidate GCC installation: /usr/lib/gcc/x86_64-redhat-linux/9
Selected GCC installation: /usr/bin/../lib/gcc/x86_64-redhat-linux/9
Candidate multilib: .;@m64
Candidate multilib: 32;@m32
Selected multilib: .;@m64
 "/usr/bin/ld" -export-dynamic --hash-style=gnu --build-id --eh-frame-hdr -m elf_x86_64 -export-dynamic -dynamic-linker /lib64/ld-linux-x86-64.so.2 -o cmTC_c4a7d /usr/bin/../lib/gcc/x86_64-redhat-linux/9/../../../../lib64/crt1.o /usr/bin/../lib/gcc/x86_64-redhat-linux/9/../../../../lib64/crti.o /usr/bin/../lib/gcc/x86_64-redhat-linux/9/crtbegin.o -L/usr/bin/../lib/gcc/x86_64-redhat-linux/9 -L/usr/bin/../lib/gcc/x86_64-redhat-linux/9/../../../../lib64 -L/usr/bin/../lib64 -L/lib/../lib64 -L/usr/lib/../lib64 -L/usr/bin/../lib/gcc/x86_64-redhat-linux/9/../../.. -L/usr/bin/../lib -L/lib -L/usr/lib CMakeFiles/cmTC_c4a7d.dir/CMakeCXXCompilerABI.cpp.o -lstdc++ -lm -lgcc_s -lgcc -lc -lgcc_s -lgcc /usr/bin/../lib/gcc/x86_64-redhat-linux/9/crtend.o /usr/bin/../lib/gcc/x86_64-redhat-linux/9/../../../../lib64/crtn.o
gmake[1]: Leaving directory '/home/jules/Documents/OpenCV/test/build/CMakeFiles/CMakeTmp'



Parsed CXX implicit include dir info from above output: rv=done
  found start of include info
  found start of implicit include info
    add: [/usr/bin/../lib/gcc/x86_64-redhat-linux/9/../../../../include/c++/9]
    add: [/usr/bin/../lib/gcc/x86_64-redhat-linux/9/../../../../include/c++/9/x86_64-redhat-linux]
    add: [/usr/bin/../lib/gcc/x86_64-redhat-linux/9/../../../../include/c++/9/backward]
    add: [/usr/local/include]
    add: [/usr/lib64/clang/9.0.1/include]
    add: [/usr/include]
  end of search list found
  collapse include dir [/usr/bin/../lib/gcc/x86_64-redhat-linux/9/../../../../include/c++/9] ==> [/usr/include/c++/9]
  collapse include dir [/usr/bin/../lib/gcc/x86_64-redhat-linux/9/../../../../include/c++/9/x86_64-redhat-linux] ==> [/usr/include/c++/9/x86_64-redhat-linux]
  collapse include dir [/usr/bin/../lib/gcc/x86_64-redhat-linux/9/../../../../include/c++/9/backward] ==> [/usr/include/c++/9/backward]
  collapse include dir [/usr/local/include] ==> [/usr/local/include]
  collapse include dir [/usr/lib64/clang/9.0.1/include] ==> [/usr/lib64/clang/9.0.1/include]
  collapse include dir [/usr/include] ==> [/usr/include]
  implicit include dirs: [/usr/include/c++/9;/usr/include/c++/9/x86_64-redhat-linux;/usr/include/c++/9/backward;/usr/local/include;/usr/lib64/clang/9.0.1/include;/usr/include]


Parsed CXX implicit link information from above output:
  link line regex: [^( *|.*[/\])(ld|CMAKE_LINK_STARTFILE-NOTFOUND|([^/\]+-)?ld|collect2)[^/\]*( |$)]
  ignore line: [Change Dir: /home/jules/Documents/OpenCV/test/build/CMakeFiles/CMakeTmp]
  ignore line: []
  ignore line: [Run Build Command(s):/usr/bin/gmake cmTC_c4a7d/fast && /usr/bin/gmake  -f CMakeFiles/cmTC_c4a7d.dir/build.make CMakeFiles/cmTC_c4a7d.dir/build]
  ignore line: [gmake[1]: Entering directory '/home/jules/Documents/OpenCV/test/build/CMakeFiles/CMakeTmp']
  ignore line: [Building CXX object CMakeFiles/cmTC_c4a7d.dir/CMakeCXXCompilerABI.cpp.o]
  ignore line: [/usr/bin/clang++-9    -v -o CMakeFiles/cmTC_c4a7d.dir/CMakeCXXCompilerABI.cpp.o -c /usr/share/cmake/Modules/CMakeCXXCompilerABI.cpp]
  ignore line: [clang version 9.0.1 (Fedora 9.0.1-2.fc31)]
  ignore line: [Target: x86_64-unknown-linux-gnu]
  ignore line: [Thread model: posix]
  ignore line: [InstalledDir: /usr/bin]
  ignore line: [Found candidate GCC installation: /usr/bin/../lib/gcc/x86_64-redhat-linux/9]
  ignore line: [Found candidate GCC installation: /usr/lib/gcc/x86_64-redhat-linux/9]
  ignore line: [Selected GCC installation: /usr/bin/../lib/gcc/x86_64-redhat-linux/9]
  ignore line: [Candidate multilib: .]
  ignore line: [@m64]
  ignore line: [Candidate multilib: 32]
  ignore line: [@m32]
  ignore line: [Selected multilib: .]
  ignore line: [@m64]
  ignore line: [ "/usr/bin/clang-9" -cc1 -triple x86_64-unknown-linux-gnu -emit-obj -mrelax-all -disable-free -disable-llvm-verifier -discard-value-names -main-file-name CMakeCXXCompilerABI.cpp -mrelocation-model static -mthread-model posix -mdisable-fp-elim -fmath-errno -masm-verbose -mconstructor-aliases -munwind-tables -fuse-init-array -target-cpu x86-64 -dwarf-column-info -debugger-tuning=gdb -v -coverage-notes-file /home/jules/Documents/OpenCV/test/build/CMakeFiles/CMakeTmp/CMakeFiles/cmTC_c4a7d.dir/CMakeCXXCompilerABI.cpp.gcno -resource-dir /usr/lib64/clang/9.0.1 -internal-isystem /usr/bin/../lib/gcc/x86_64-redhat-linux/9/../../../../include/c++/9 -internal-isystem /usr/bin/../lib/gcc/x86_64-redhat-linux/9/../../../../include/c++/9/x86_64-redhat-linux -internal-isystem /usr/bin/../lib/gcc/x86_64-redhat-linux/9/../../../../include/c++/9/backward -internal-isystem /usr/local/include -internal-isystem /usr/lib64/clang/9.0.1/include -internal-externc-isystem /include -internal-externc-isystem /usr/include -fdeprecated-macro -fdebug-compilation-dir /home/jules/Documents/OpenCV/test/build/CMakeFiles/CMakeTmp -ferror-limit 19 -fmessage-length 0 -fobjc-runtime=gcc -fcxx-exceptions -fexceptions -fdiagnostics-show-option -faddrsig -o CMakeFiles/cmTC_c4a7d.dir/CMakeCXXCompilerABI.cpp.o -x c++ /usr/share/cmake/Modules/CMakeCXXCompilerABI.cpp]
  ignore line: [clang -cc1 version 9.0.1 based upon LLVM 9.0.1 default target x86_64-unknown-linux-gnu]
  ignore line: [ignoring nonexistent directory "/include"]
  ignore line: [#include "..." search starts here:]
  ignore line: [#include <...> search starts here:]
  ignore line: [ /usr/bin/../lib/gcc/x86_64-redhat-linux/9/../../../../include/c++/9]
  ignore line: [ /usr/bin/../lib/gcc/x86_64-redhat-linux/9/../../../../include/c++/9/x86_64-redhat-linux]
  ignore line: [ /usr/bin/../lib/gcc/x86_64-redhat-linux/9/../../../../include/c++/9/backward]
  ignore line: [ /usr/local/include]
  ignore line: [ /usr/lib64/clang/9.0.1/include]
  ignore line: [ /usr/include]
  ignore line: [End of search list.]
  ignore line: [Linking CXX executable cmTC_c4a7d]
  ignore line: [/usr/bin/cmake -E cmake_link_script CMakeFiles/cmTC_c4a7d.dir/link.txt --verbose=1]
  ignore line: [/usr/bin/clang++-9      -v -rdynamic CMakeFiles/cmTC_c4a7d.dir/CMakeCXXCompilerABI.cpp.o  -o cmTC_c4a7d ]
  ignore line: [clang version 9.0.1 (Fedora 9.0.1-2.fc31)]
  ignore line: [Target: x86_64-unknown-linux-gnu]
  ignore line: [Thread model: posix]
  ignore line: [InstalledDir: /usr/bin]
  ignore line: [Found candidate GCC installation: /usr/bin/../lib/gcc/x86_64-redhat-linux/9]
  ignore line: [Found candidate GCC installation: /usr/lib/gcc/x86_64-redhat-linux/9]
  ignore line: [Selected GCC installation: /usr/bin/../lib/gcc/x86_64-redhat-linux/9]
  ignore line: [Candidate multilib: .]
  ignore line: [@m64]
  ignore line: [Candidate multilib: 32]
  ignore line: [@m32]
  ignore line: [Selected multilib: .]
  ignore line: [@m64]
  link line: [ "/usr/bin/ld" -export-dynamic --hash-style=gnu --build-id --eh-frame-hdr -m elf_x86_64 -export-dynamic -dynamic-linker /lib64/ld-linux-x86-64.so.2 -o cmTC_c4a7d /usr/bin/../lib/gcc/x86_64-redhat-linux/9/../../../../lib64/crt1.o /usr/bin/../lib/gcc/x86_64-redhat-linux/9/../../../../lib64/crti.o /usr/bin/../lib/gcc/x86_64-redhat-linux/9/crtbegin.o -L/usr/bin/../lib/gcc/x86_64-redhat-linux/9 -L/usr/bin/../lib/gcc/x86_64-redhat-linux/9/../../../../lib64 -L/usr/bin/../lib64 -L/lib/../lib64 -L/usr/lib/../lib64 -L/usr/bin/../lib/gcc/x86_64-redhat-linux/9/../../.. -L/usr/bin/../lib -L/lib -L/usr/lib CMakeFiles/cmTC_c4a7d.dir/CMakeCXXCompilerABI.cpp.o -lstdc++ -lm -lgcc_s -lgcc -lc -lgcc_s -lgcc /usr/bin/../lib/gcc/x86_64-redhat-linux/9/crtend.o /usr/bin/../lib/gcc/x86_64-redhat-linux/9/../../../../lib64/crtn.o]
    arg [/usr/bin/ld] ==> ignore
    arg [-export-dynamic] ==> ignore
    arg [--hash-style=gnu] ==> ignore
    arg [--build-id] ==> ignore
    arg [--eh-frame-hdr] ==> ignore
    arg [-m] ==> ignore
    arg [elf_x86_64] ==> ignore
    arg [-export-dynamic] ==> ignore
    arg [-dynamic-linker] ==> ignore
    arg [/lib64/ld-linux-x86-64.so.2] ==> ignore
    arg [-o] ==> ignore
    arg [cmTC_c4a7d] ==> ignore
    arg [/usr/bin/../lib/gcc/x86_64-redhat-linux/9/../../../../lib64/crt1.o] ==> ignore
    arg [/usr/bin/../lib/gcc/x86_64-redhat-linux/9/../../../../lib64/crti.o] ==> ignore
    arg [/usr/bin/../lib/gcc/x86_64-redhat-linux/9/crtbegin.o] ==> ignore
    arg [-L/usr/bin/../lib/gcc/x86_64-redhat-linux/9] ==> dir [/usr/bin/../lib/gcc/x86_64-redhat-linux/9]
    arg [-L/usr/bin/../lib/gcc/x86_64-redhat-linux/9/../../../../lib64] ==> dir [/usr/bin/../lib/gcc/x86_64-redhat-linux/9/../../../../lib64]
    arg [-L/usr/bin/../lib64] ==> dir [/usr/bin/../lib64]
    arg [-L/lib/../lib64] ==> dir [/lib/../lib64]
    arg [-L/usr/lib/../lib64] ==> dir [/usr/lib/../lib64]
    arg [-L/usr/bin/../lib/gcc/x86_64-redhat-linux/9/../../..] ==> dir [/usr/bin/../lib/gcc/x86_64-redhat-linux/9/../../..]
    arg [-L/usr/bin/../lib] ==> dir [/usr/bin/../lib]
    arg [-L/lib] ==> dir [/lib]
    arg [-L/usr/lib] ==> dir [/usr/lib]
    arg [CMakeFiles/cmTC_c4a7d.dir/CMakeCXXCompilerABI.cpp.o] ==> ignore
    arg [-lstdc++] ==> lib [stdc++]
    arg [-lm] ==> lib [m]
    arg [-lgcc_s] ==> lib [gcc_s]
    arg [-lgcc] ==> lib [gcc]
    arg [-lc] ==> lib [c]
    arg [-lgcc_s] ==> lib [gcc_s]
    arg [-lgcc] ==> lib [gcc]
    arg [/usr/bin/../lib/gcc/x86_64-redhat-linux/9/crtend.o] ==> ignore
    arg [/usr/bin/../lib/gcc/x86_64-redhat-linux/9/../../../../lib64/crtn.o] ==> ignore
  collapse library dir [/usr/bin/../lib/gcc/x86_64-redhat-linux/9] ==> [/usr/lib/gcc/x86_64-redhat-linux/9]
  collapse library dir [/usr/bin/../lib/gcc/x86_64-redhat-linux/9/../../../../lib64] ==> [/usr/lib64]
  collapse library dir [/usr/bin/../lib64] ==> [/usr/lib64]
  collapse library dir [/lib/../lib64] ==> [/lib64]
  collapse library dir [/usr/lib/../lib64] ==> [/usr/lib64]
  collapse library dir [/usr/bin/../lib/gcc/x86_64-redhat-linux/9/../../..] ==> [/usr/lib]
  collapse library dir [/usr/bin/../lib] ==> [/usr/lib]
  collapse library dir [/lib] ==> [/lib]
  collapse library dir [/usr/lib] ==> [/usr/lib]
  implicit libs: [stdc++;m;gcc_s;gcc;c;gcc_s;gcc]
  implicit dirs: [/usr/lib/gcc/x86_64-redhat-linux/9;/usr/lib64;/lib64;/usr/lib;/lib]
  implicit fwks: []


